2023-02-23 10:32:53,303 [INFO] com.hospitalmanagement.HospitalManagementApplication [restartedMain] Starting HospitalManagementApplication using Java 17.0.5 on extendedtraining3 with PID 15438 (/home/extended-training-3/eclipse-workspace/hopitalmanagementproject.zip_expanded/HospitalManagement/target/classes started by extended-training-3 in /home/extended-training-3/eclipse-workspace/hopitalmanagementproject.zip_expanded/HospitalManagement)
2023-02-23 10:32:53,306 [INFO] com.hospitalmanagement.HospitalManagementApplication [restartedMain] No active profile set, falling back to 1 default profile: "default"
2023-02-23 10:32:53,327 [INFO] org.springframework.boot.devtools.restart.ChangeableUrls [restartedMain] The Class-Path manifest attribute in /home/extended-training-3/.m2/repository/io/grpc/grpc-netty-shaded/1.23.0/grpc-netty-shaded-1.23.0.jar referenced one or more files that do not exist: file:/home/extended-training-3/.m2/repository/io/grpc/grpc-netty-shaded/1.23.0/grpc-core-1.23.0.jar,file:/home/extended-training-3/.m2/repository/io/grpc/grpc-netty-shaded/1.23.0/grpc-api-1.23.0.jar,file:/home/extended-training-3/.m2/repository/io/grpc/grpc-netty-shaded/1.23.0/gson-2.7.jar,file:/home/extended-training-3/.m2/repository/io/grpc/grpc-netty-shaded/1.23.0/annotations-4.1.1.4.jar,file:/home/extended-training-3/.m2/repository/io/grpc/grpc-netty-shaded/1.23.0/perfmark-api-0.17.0.jar,file:/home/extended-training-3/.m2/repository/io/grpc/grpc-netty-shaded/1.23.0/opencensus-contrib-grpc-metrics-0.21.0.jar,file:/home/extended-training-3/.m2/repository/io/grpc/grpc-netty-shaded/1.23.0/opencensus-api-0.21.0.jar,file:/home/extended-training-3/.m2/repository/io/grpc/grpc-netty-shaded/1.23.0/grpc-context-1.23.0.jar,file:/home/extended-training-3/.m2/repository/io/grpc/grpc-netty-shaded/1.23.0/error_prone_annotations-2.3.2.jar,file:/home/extended-training-3/.m2/repository/io/grpc/grpc-netty-shaded/1.23.0/jsr305-3.0.2.jar,file:/home/extended-training-3/.m2/repository/io/grpc/grpc-netty-shaded/1.23.0/animal-sniffer-annotations-1.17.jar,file:/home/extended-training-3/.m2/repository/io/grpc/grpc-netty-shaded/1.23.0/guava-26.0-android.jar,file:/home/extended-training-3/.m2/repository/io/grpc/grpc-netty-shaded/1.23.0/checker-compat-qual-2.5.2.jar,file:/home/extended-training-3/.m2/repository/io/grpc/grpc-netty-shaded/1.23.0/j2objc-annotations-1.1.jar
2023-02-23 10:32:53,327 [INFO] org.springframework.boot.devtools.env.DevToolsPropertyDefaultsPostProcessor [restartedMain] Devtools property defaults active! Set 'spring.devtools.add-properties' to 'false' to disable
2023-02-23 10:32:53,327 [INFO] org.springframework.boot.devtools.env.DevToolsPropertyDefaultsPostProcessor [restartedMain] For additional web related logging consider setting the 'logging.level.web' property to 'DEBUG'
2023-02-23 10:32:53,569 [INFO] org.springframework.data.repository.config.RepositoryConfigurationDelegate [restartedMain] Bootstrapping Spring Data JPA repositories in DEFAULT mode.
2023-02-23 10:32:53,576 [INFO] org.springframework.data.repository.config.RepositoryConfigurationDelegate [restartedMain] Finished Spring Data repository scanning in 3 ms. Found 0 JPA repository interfaces.
2023-02-23 10:32:53,794 [INFO] org.springframework.boot.web.embedded.tomcat.TomcatWebServer [restartedMain] Tomcat initialized with port(s): 9191 (http)
2023-02-23 10:32:53,798 [INFO] org.apache.catalina.core.StandardService [restartedMain] Starting service [Tomcat]
2023-02-23 10:32:53,799 [INFO] org.apache.catalina.core.StandardEngine [restartedMain] Starting Servlet engine: [Apache Tomcat/9.0.65]
2023-02-23 10:32:53,823 [INFO] org.apache.catalina.core.ContainerBase.[Tomcat].[localhost].[/] [restartedMain] Initializing Spring embedded WebApplicationContext
2023-02-23 10:32:53,824 [INFO] org.springframework.boot.web.servlet.context.ServletWebServerApplicationContext [restartedMain] Root WebApplicationContext: initialization completed in 496 ms
2023-02-23 10:32:53,838 [INFO] com.zaxxer.hikari.HikariDataSource [restartedMain] HikariPool-1 - Starting...
2023-02-23 10:32:53,964 [INFO] com.zaxxer.hikari.HikariDataSource [restartedMain] HikariPool-1 - Start completed.
2023-02-23 10:32:53,968 [INFO] org.springframework.boot.autoconfigure.h2.H2ConsoleAutoConfiguration [restartedMain] H2 console available at '/h2-console'. Database available at 'jdbc:mysql://localhost:3306/hospital_management'
2023-02-23 10:32:54,009 [INFO] org.hibernate.jpa.internal.util.LogHelper [restartedMain] HHH000204: Processing PersistenceUnitInfo [name: default]
2023-02-23 10:32:54,033 [INFO] org.hibernate.Version [restartedMain] HHH000412: Hibernate ORM core version 5.6.11.Final
2023-02-23 10:32:54,091 [INFO] org.hibernate.annotations.common.Version [restartedMain] HCANN000001: Hibernate Commons Annotations {5.1.2.Final}
2023-02-23 10:32:54,132 [INFO] org.hibernate.dialect.Dialect [restartedMain] HHH000400: Using dialect: org.hibernate.dialect.MySQLDialect
2023-02-23 10:32:54,216 [INFO] org.hibernate.engine.transaction.jta.platform.internal.JtaPlatformInitiator [restartedMain] HHH000490: Using JtaPlatform implementation: [org.hibernate.engine.transaction.jta.platform.internal.NoJtaPlatform]
2023-02-23 10:32:54,220 [INFO] org.springframework.orm.jpa.LocalContainerEntityManagerFactoryBean [restartedMain] Initialized JPA EntityManagerFactory for persistence unit 'default'
2023-02-23 10:32:54,310 [WARN] org.springframework.boot.autoconfigure.orm.jpa.JpaBaseConfiguration$JpaWebConfiguration [restartedMain] spring.jpa.open-in-view is enabled by default. Therefore, database queries may be performed during view rendering. Explicitly configure spring.jpa.open-in-view to disable this warning
2023-02-23 10:32:54,438 [INFO] org.springframework.boot.devtools.autoconfigure.OptionalLiveReloadServer [restartedMain] LiveReload server is running on port 35729
2023-02-23 10:32:54,454 [INFO] org.springframework.boot.web.embedded.tomcat.TomcatWebServer [restartedMain] Tomcat started on port(s): 9191 (http) with context path ''
2023-02-23 10:32:54,460 [INFO] com.hospitalmanagement.HospitalManagementApplication [restartedMain] Started HospitalManagementApplication in 1.301 seconds (JVM running for 1.638)
2023-02-23 10:32:56,726 [INFO] org.springframework.boot.admin.SpringApplicationAdminMXBeanRegistrar$SpringApplicationAdmin [RMI TCP Connection(2)-127.0.0.1] Application shutdown requested.
2023-02-23 10:32:56,736 [INFO] org.apache.catalina.core.StandardService [RMI TCP Connection(2)-127.0.0.1] Stopping service [Tomcat]
2023-02-23 10:32:56,743 [INFO] org.springframework.orm.jpa.LocalContainerEntityManagerFactoryBean [RMI TCP Connection(2)-127.0.0.1] Closing JPA EntityManagerFactory for persistence unit 'default'
2023-02-23 10:32:56,745 [INFO] com.zaxxer.hikari.HikariDataSource [RMI TCP Connection(2)-127.0.0.1] HikariPool-1 - Shutdown initiated...
2023-02-23 10:32:56,748 [INFO] com.zaxxer.hikari.HikariDataSource [RMI TCP Connection(2)-127.0.0.1] HikariPool-1 - Shutdown completed.
